mode: atomic
github.com/rshelekhov/reframed/internal/api/handlers/health.go:7.36,8.54 1 0
github.com/rshelekhov/reframed/internal/api/handlers/health.go:8.54,10.17 2 0
github.com/rshelekhov/reframed/internal/api/handlers/health.go:10.17,12.4 1 0
github.com/rshelekhov/reframed/internal/api/handlers/helpers.go:16.90,18.14 2 0
github.com/rshelekhov/reframed/internal/api/handlers/helpers.go:18.14,22.3 3 0
github.com/rshelekhov/reframed/internal/api/handlers/helpers.go:24.2,24.16 1 0
github.com/rshelekhov/reframed/internal/api/handlers/helpers.go:28.95,31.28 2 3
github.com/rshelekhov/reframed/internal/api/handlers/helpers.go:31.28,35.3 3 0
github.com/rshelekhov/reframed/internal/api/handlers/helpers.go:36.2,36.16 1 3
github.com/rshelekhov/reframed/internal/api/handlers/helpers.go:36.16,40.3 3 0
github.com/rshelekhov/reframed/internal/api/handlers/helpers.go:42.2,44.12 2 3
github.com/rshelekhov/reframed/internal/api/handlers/helpers.go:48.97,54.25 4 3
github.com/rshelekhov/reframed/internal/api/handlers/helpers.go:54.25,58.3 3 1
github.com/rshelekhov/reframed/internal/api/handlers/helpers.go:59.2,59.16 1 2
github.com/rshelekhov/reframed/internal/api/handlers/helpers.go:59.16,63.3 3 0
github.com/rshelekhov/reframed/internal/api/handlers/helpers.go:64.2,64.12 1 2
github.com/rshelekhov/reframed/internal/api/handlers/helpers.go:68.104,71.27 2 1
github.com/rshelekhov/reframed/internal/api/handlers/helpers.go:71.27,72.26 1 1
github.com/rshelekhov/reframed/internal/api/handlers/helpers.go:73.19,74.79 1 0
github.com/rshelekhov/reframed/internal/api/handlers/helpers.go:75.16,76.97 1 1
github.com/rshelekhov/reframed/internal/api/handlers/helpers.go:77.14,78.116 1 0
github.com/rshelekhov/reframed/internal/api/handlers/helpers.go:79.11,80.78 1 0
github.com/rshelekhov/reframed/internal/api/handlers/helpers.go:84.2,95.29 3 1
github.com/rshelekhov/reframed/internal/api/handlers/helpers.go:98.100,113.2 3 1
github.com/rshelekhov/reframed/internal/api/handlers/helpers.go:116.88,129.2 3 1
github.com/rshelekhov/reframed/internal/api/handlers/parser.go:15.70,17.16 2 0
github.com/rshelekhov/reframed/internal/api/handlers/parser.go:17.16,19.3 1 0
github.com/rshelekhov/reframed/internal/api/handlers/parser.go:21.2,22.16 2 0
github.com/rshelekhov/reframed/internal/api/handlers/parser.go:22.16,24.3 1 0
github.com/rshelekhov/reframed/internal/api/handlers/parser.go:26.2,26.15 1 0
github.com/rshelekhov/reframed/internal/api/handlers/parser.go:26.15,28.3 1 0
github.com/rshelekhov/reframed/internal/api/handlers/parser.go:30.2,30.16 1 0
github.com/rshelekhov/reframed/internal/api/handlers/parser.go:30.16,32.3 1 0
github.com/rshelekhov/reframed/internal/api/handlers/parser.go:34.2,39.24 2 0
github.com/rshelekhov/reframed/internal/api/handlers/user.go:21.53,22.54 1 3
github.com/rshelekhov/reframed/internal/api/handlers/user.go:22.54,31.17 5 3
github.com/rshelekhov/reframed/internal/api/handlers/user.go:31.17,33.4 1 0
github.com/rshelekhov/reframed/internal/api/handlers/user.go:36.3,37.17 2 3
github.com/rshelekhov/reframed/internal/api/handlers/user.go:37.17,39.4 1 1
github.com/rshelekhov/reframed/internal/api/handlers/user.go:41.3,53.51 5 2
github.com/rshelekhov/reframed/internal/api/handlers/user.go:53.51,57.4 3 1
github.com/rshelekhov/reframed/internal/api/handlers/user.go:58.3,58.17 1 1
github.com/rshelekhov/reframed/internal/api/handlers/user.go:58.17,62.4 3 0
github.com/rshelekhov/reframed/internal/api/handlers/user.go:64.3,65.81 2 1
github.com/rshelekhov/reframed/internal/api/handlers/user.go:70.54,71.54 1 0
github.com/rshelekhov/reframed/internal/api/handlers/user.go:71.54,77.17 4 0
github.com/rshelekhov/reframed/internal/api/handlers/user.go:77.17,79.4 1 0
github.com/rshelekhov/reframed/internal/api/handlers/user.go:81.3,82.46 2 0
github.com/rshelekhov/reframed/internal/api/handlers/user.go:82.46,86.4 3 0
github.com/rshelekhov/reframed/internal/api/handlers/user.go:87.3,87.17 1 0
github.com/rshelekhov/reframed/internal/api/handlers/user.go:87.17,91.4 3 0
github.com/rshelekhov/reframed/internal/api/handlers/user.go:93.3,94.62 2 0
github.com/rshelekhov/reframed/internal/api/handlers/user.go:99.51,100.54 1 0
github.com/rshelekhov/reframed/internal/api/handlers/user.go:100.54,106.17 4 0
github.com/rshelekhov/reframed/internal/api/handlers/user.go:106.17,110.4 3 0
github.com/rshelekhov/reframed/internal/api/handlers/user.go:112.3,113.46 2 0
github.com/rshelekhov/reframed/internal/api/handlers/user.go:113.46,117.4 3 0
github.com/rshelekhov/reframed/internal/api/handlers/user.go:118.3,118.17 1 0
github.com/rshelekhov/reframed/internal/api/handlers/user.go:118.17,122.4 3 0
github.com/rshelekhov/reframed/internal/api/handlers/user.go:124.3,131.61 2 0
github.com/rshelekhov/reframed/internal/api/handlers/user.go:136.53,137.54 1 0
github.com/rshelekhov/reframed/internal/api/handlers/user.go:137.54,145.17 5 0
github.com/rshelekhov/reframed/internal/api/handlers/user.go:145.17,147.4 1 0
github.com/rshelekhov/reframed/internal/api/handlers/user.go:150.3,151.17 2 0
github.com/rshelekhov/reframed/internal/api/handlers/user.go:151.17,153.4 1 0
github.com/rshelekhov/reframed/internal/api/handlers/user.go:156.3,157.17 2 0
github.com/rshelekhov/reframed/internal/api/handlers/user.go:157.17,159.4 1 0
github.com/rshelekhov/reframed/internal/api/handlers/user.go:161.3,171.46 4 0
github.com/rshelekhov/reframed/internal/api/handlers/user.go:171.46,175.4 3 0
github.com/rshelekhov/reframed/internal/api/handlers/user.go:176.3,176.51 1 0
github.com/rshelekhov/reframed/internal/api/handlers/user.go:176.51,180.4 3 0
github.com/rshelekhov/reframed/internal/api/handlers/user.go:181.3,181.51 1 0
github.com/rshelekhov/reframed/internal/api/handlers/user.go:181.51,185.4 3 0
github.com/rshelekhov/reframed/internal/api/handlers/user.go:186.3,186.59 1 0
github.com/rshelekhov/reframed/internal/api/handlers/user.go:186.59,190.4 3 0
github.com/rshelekhov/reframed/internal/api/handlers/user.go:191.3,191.17 1 0
github.com/rshelekhov/reframed/internal/api/handlers/user.go:191.17,195.4 3 0
github.com/rshelekhov/reframed/internal/api/handlers/user.go:197.3,198.76 2 0
github.com/rshelekhov/reframed/internal/api/handlers/user.go:203.53,204.54 1 0
github.com/rshelekhov/reframed/internal/api/handlers/user.go:204.54,210.17 4 0
github.com/rshelekhov/reframed/internal/api/handlers/user.go:210.17,212.4 1 0
github.com/rshelekhov/reframed/internal/api/handlers/user.go:214.3,215.46 2 0
github.com/rshelekhov/reframed/internal/api/handlers/user.go:215.46,219.4 3 0
github.com/rshelekhov/reframed/internal/api/handlers/user.go:220.3,220.17 1 0
github.com/rshelekhov/reframed/internal/api/handlers/user.go:220.17,224.4 3 0
github.com/rshelekhov/reframed/internal/api/handlers/user.go:226.3,228.76 2 0
